<?xml version="1.0" encoding="UTF-8"?>
<!-- Generated by org.testng.reporters.JUnitXMLReporter -->
<testsuite ignored="6" hostname="DESKTOP-5IDPVRO" failures="0" tests="33" name="Run On Chrome" time="260.757" errors="0" timestamp="19 Sep 2021 11:46:37 GMT">
  <testcase classname="com.nopcommerce.register.TC_01_Register" name="TC01_Register_EmptyData" time="0.612"/>
  <testcase classname="com.nopcommerce.register.TC_01_Register" name="TC02_Register_InvalidEmail" time="6.615"/>
  <testcase classname="com.nopcommerce.register.TC_01_Register" name="TC03_Register_ExistedEmail" time="7.759"/>
  <testcase classname="com.nopcommerce.register.TC_01_Register" name="TC03_Register_InvalidPassword" time="6.572"/>
  <testcase classname="com.nopcommerce.login.TC_01_LogIn" name="TC01_LogIn_EmptyData" time="0.221"/>
  <testcase classname="com.nopcommerce.login.TC_01_LogIn" name="TC02_LogIn_InvalidEmail" time="2.879"/>
  <testcase classname="com.nopcommerce.login.TC_01_LogIn" name="TC03_LogIn_NotExistedEmail" time="3.287"/>
  <testcase classname="com.nopcommerce.login.TC_01_LogIn" name="TC04_LogIn_EmptyPassword" time="3.053"/>
  <testcase classname="com.nopcommerce.login.TC_01_LogIn" name="TC05_LogIn_WrongPassword" time="3.809"/>
  <testcase classname="com.nopcommerce.search.TC_01_Search" name="TC01_Search_WithEmptyData" time="1.735"/>
  <testcase classname="com.nopcommerce.search.TC_01_Search" name="TC02_Search_WithNotExistedData" time="2.957"/>
  <testcase classname="com.nopcommerce.search.TC_01_Search" name="TC03_Search_WithProductName" time="3.18"/>
  <testcase classname="com.nopcommerce.search.TC_01_Search" name="TC04_Search_WithExactlyProductName" time="3.069"/>
  <testcase classname="com.nopcommerce.search.TC_01_Search" name="TC05_Search_AdvancedWithParentCategory" time="3.355"/>
  <testcase classname="com.nopcommerce.search.TC_01_Search" name="TC06_Search_AdvancedWithSubCategory" time="4.097"/>
  <testcase classname="com.nopcommerce.search.TC_01_Search" name="TC07_Search_AdvancedWithInCorrectManufacturer" time="4.185"/>
  <testcase classname="com.nopcommerce.search.TC_01_Search" name="TC08_Search_AdvancedWitCorrectManufacturer" time="3.426"/>
  <testcase classname="com.nopcommerce.sort.TC_01_Sort_Display_Paging" name="TC01_Sort_By_Name_AZ" time="1.267"/>
  <testcase classname="com.nopcommerce.sort.TC_01_Sort_Display_Paging" name="TC02_Sort_By_Name_ZA" time="0.593"/>
  <testcase classname="com.nopcommerce.sort.TC_01_Sort_Display_Paging" name="TC03_Sort_By_Price_LowToHigh" time="0.635"/>
  <testcase classname="com.nopcommerce.sort.TC_01_Sort_Display_Paging" name="TC04_Sort_By_Price_HighToLow" time="1.195"/>
  <testcase classname="com.nopcommerce.sort.TC_01_Sort_Display_Paging" name="TC05_Three_Item_Display" time="5.025"/>
  <testcase classname="com.nopcommerce.sort.TC_01_Sort_Display_Paging" name="TC06_Six_Item_Display" time="5.213"/>
  <testcase classname="com.nopcommerce.sort.TC_01_Sort_Display_Paging" name="TC07_Nine_Item_Display" time="4.662"/>
  <testcase classname="com.nopcommerce.wishlist.TC_01_Wishlist_Compare_RecentView" name="TC01_AddProductToWishlist" time="4.006"/>
  <testcase classname="com.nopcommerce.wishlist.TC_01_Wishlist_Compare_RecentView" name="TC02_AddProductToCard" time="5.364"/>
  <testcase classname="com.nopcommerce.wishlist.TC_01_Wishlist_Compare_RecentView" name="TC03_RemoveProduct" time="9.056"/>
  <testcase classname="com.nopcommerce.wishlist.TC_01_Wishlist_Compare_RecentView" name="TC04_CompareProduct" time="7.756"/>
  <testcase classname="com.nopcommerce.wishlist.TC_01_Wishlist_Compare_RecentView" name="TC05_RecentReviewProduct" time="9.494"/>
  <testcase classname="com.nopcommerce.myaccount.TC_01_MyAccount" name="TC01_MyAccount_EdiCustomerInfo" time="9.308"/>
  <testcase classname="com.nopcommerce.myaccount.TC_01_MyAccount" name="TC02_MyAccount_AddAddressInfo" time="17.368"/>
  <testcase classname="com.nopcommerce.myaccount.TC_01_MyAccount" name="TC03_MyAccount_ChangePassword" time="16.535"/>
  <testcase classname="com.nopcommerce.myaccount.TC_01_MyAccount" name="TC04_MyAccount_MyProductView" time="9.548"/>
  <testcase classname="commons.BaseTest" name="@BeforeSuite deleteAllFilesInReportNGScreenshot" time="0.0">
    <ignored/>
  </testcase> <!-- @BeforeSuite deleteAllFilesInReportNGScreenshot -->
  <testcase classname="commons.BaseTest" name="@BeforeSuite deleteAllFilesInReportNGScreenshot" time="0.0">
    <ignored/>
  </testcase> <!-- @BeforeSuite deleteAllFilesInReportNGScreenshot -->
  <testcase classname="commons.BaseTest" name="@BeforeSuite deleteAllFilesInReportNGScreenshot" time="0.0">
    <ignored/>
  </testcase> <!-- @BeforeSuite deleteAllFilesInReportNGScreenshot -->
  <testcase classname="commons.BaseTest" name="@BeforeSuite deleteAllFilesInReportNGScreenshot" time="0.0">
    <ignored/>
  </testcase> <!-- @BeforeSuite deleteAllFilesInReportNGScreenshot -->
  <testcase classname="commons.BaseTest" name="@BeforeSuite deleteAllFilesInReportNGScreenshot" time="0.0">
    <ignored/>
  </testcase> <!-- @BeforeSuite deleteAllFilesInReportNGScreenshot -->
  <testcase classname="commons.BaseTest" name="@BeforeSuite deleteAllFilesInReportNGScreenshot" time="0.0">
    <ignored/>
  </testcase> <!-- @BeforeSuite deleteAllFilesInReportNGScreenshot -->
</testsuite> <!-- Run On Chrome -->
