<?xml version="1.0" encoding="UTF-8"?>
<!-- Generated by org.testng.reporters.JUnitXMLReporter -->
<testsuite ignored="0" hostname="Admin" failures="0" tests="6" name="Run On Firefox" time="0.476" errors="0" timestamp="25 Jun 2022 00:54:59 GMT">
  <testcase classname="com.nopcommerce.admin.search.TC_01_Admin_Search" name="@BeforeClass beforeClass" time="0.002">
    <failure type="java.lang.IllegalArgumentException" message="No enum constant commons.BrowserList.FIREFOX_UI">
      <![CDATA[java.lang.IllegalArgumentException: No enum constant commons.BrowserList.FIREFOX_UI
at java.base/java.lang.Enum.valueOf(Enum.java:240)
at commons.BrowserList.valueOf(BrowserList.java:1)
at factoryEnvironment.LocalFactory.createDriver(LocalFactory.java:24)
at commons.BaseTest2.getBrowserDriver(BaseTest2.java:57)
at com.nopcommerce.admin.search.TC_01_Admin_Search.beforeClass(TC_01_Admin_Search.java:37)
at java.base/java.util.concurrent.ThreadPoolExecutor.runWorker(ThreadPoolExecutor.java:1128)
at java.base/java.util.concurrent.ThreadPoolExecutor$Worker.run(ThreadPoolExecutor.java:628)
at java.base/java.lang.Thread.run(Thread.java:834)
... Removed 11 stack frames]]>
    </failure>
  </testcase> <!-- @BeforeClass beforeClass -->
  <testcase classname="com.nopcommerce.admin.search.TC_01_Admin_Search" name="@BeforeMethod navigateToBrowser" time="0.0">
    <skipped/>
  </testcase> <!-- @BeforeMethod navigateToBrowser -->
  <testcase classname="com.nopcommerce.admin.search.TC_01_Admin_Search" name="@BeforeMethod navigateToBrowser" time="0.0">
    <skipped/>
  </testcase> <!-- @BeforeMethod navigateToBrowser -->
  <testcase classname="com.nopcommerce.admin.search.TC_01_Admin_Search" name="@BeforeMethod navigateToBrowser" time="0.0">
    <skipped/>
  </testcase> <!-- @BeforeMethod navigateToBrowser -->
  <testcase classname="com.nopcommerce.admin.search.TC_01_Admin_Search" name="@BeforeMethod navigateToBrowser" time="0.0">
    <skipped/>
  </testcase> <!-- @BeforeMethod navigateToBrowser -->
  <testcase classname="com.nopcommerce.admin.search.TC_01_Admin_Search" name="@BeforeMethod navigateToBrowser" time="0.0">
    <skipped/>
  </testcase> <!-- @BeforeMethod navigateToBrowser -->
  <testcase classname="com.nopcommerce.admin.search.TC_01_Admin_Search" name="@BeforeMethod navigateToBrowser" time="0.0">
    <skipped/>
  </testcase> <!-- @BeforeMethod navigateToBrowser -->
  <testcase classname="com.nopcommerce.admin.search.TC_01_Admin_Search" name="@AfterClass afterClass" time="0.0">
    <skipped/>
  </testcase> <!-- @AfterClass afterClass -->
  <testcase classname="com.nopcommerce.admin.search.TC_01_Admin_Search" name="TC01_Search_With_Product_Name" time="0.0">
    <skipped/>
  </testcase> <!-- TC01_Search_With_Product_Name -->
  <testcase classname="com.nopcommerce.admin.search.TC_01_Admin_Search" name="TC03_Search_With_Product_Name_Category_Search" time="0.0">
    <skipped/>
  </testcase> <!-- TC03_Search_With_Product_Name_Category_Search -->
  <testcase classname="com.nopcommerce.admin.search.TC_01_Admin_Search" name="TC02_Search_With_Product_Name_Category_Search" time="0.0">
    <skipped/>
  </testcase> <!-- TC02_Search_With_Product_Name_Category_Search -->
  <testcase classname="com.nopcommerce.admin.search.TC_01_Admin_Search" name="TC04_Search_With_Product_Name_Category_Search" time="0.0">
    <skipped/>
  </testcase> <!-- TC04_Search_With_Product_Name_Category_Search -->
  <testcase classname="com.nopcommerce.admin.search.TC_01_Admin_Search" name="TC05_Search_With_Product_Name_Manufacturer" time="0.0">
    <skipped/>
  </testcase> <!-- TC05_Search_With_Product_Name_Manufacturer -->
  <testcase classname="com.nopcommerce.admin.search.TC_01_Admin_Search" name="TC06_Search_With_Product_SKU_NAME" time="0.0">
    <skipped/>
  </testcase> <!-- TC06_Search_With_Product_SKU_NAME -->
</testsuite> <!-- Run On Firefox -->
