<?xml version="1.0" encoding="UTF-8"?>
<testsuite name="Run On Chrome"
           tests="3"
           failures="0"
           errors="0"
           skipped="0"
           time="68.035">
  <properties />
  
  
            <testcase name="TC04_UpdateShoppingCart" time="8.565" classname="com.nopcommerce.user.order.TC_02_Update_CheckOut" />
                <testcase name="TC05_CheckoutProduct" time="28.401" classname="com.nopcommerce.user.order.TC_02_Update_CheckOut" />
                <testcase name="TC07_CheckoutProduct" time="31.069" classname="com.nopcommerce.user.order.TC_02_Update_CheckOut" />
      
</testsuite>
