<?xml version="1.0" encoding="UTF-8"?>
<testsuite name="Run On Chrome"
           tests="7"
           failures="0"
           errors="0"
           skipped="0"
           time="19.320">
  <properties />
  
  
            <testcase name="TC07_Nine_Item_Display" time="4.648" classname="com.nopcommerce.sort.TC_01_Sort_Display_Paging" />
                <testcase name="TC02_Sort_By_Name_ZA" time="1.256" classname="com.nopcommerce.sort.TC_01_Sort_Display_Paging" />
                <testcase name="TC04_Sort_By_Price_HighToLow" time="0.622" classname="com.nopcommerce.sort.TC_01_Sort_Display_Paging" />
                <testcase name="TC01_Sort_By_Name_AZ" time="1.249" classname="com.nopcommerce.sort.TC_01_Sort_Display_Paging" />
                <testcase name="TC05_Three_Item_Display" time="6.257" classname="com.nopcommerce.sort.TC_01_Sort_Display_Paging" />
                <testcase name="TC03_Sort_By_Price_LowToHigh" time="0.626" classname="com.nopcommerce.sort.TC_01_Sort_Display_Paging" />
                <testcase name="TC06_Six_Item_Display" time="4.662" classname="com.nopcommerce.sort.TC_01_Sort_Display_Paging" />
      
</testsuite>
