<?xml version="1.0" encoding="UTF-8"?>
<testsuite name="Run On Chrome"
           tests="4"
           failures="0"
           errors="0"
           skipped="0"
           time="21.271">
  <properties />
  
  
            <testcase name="TC03_Register_ExistedEmail" time="7.580" classname="com.nopcommerce.register.TC_01_Register" />
                <testcase name="TC01_Register_EmptyData" time="0.705" classname="com.nopcommerce.register.TC_01_Register" />
                <testcase name="TC02_Register_InvalidEmail" time="6.575" classname="com.nopcommerce.register.TC_01_Register" />
                <testcase name="TC03_Register_InvalidPassword" time="6.411" classname="com.nopcommerce.register.TC_01_Register" />
      
</testsuite>
