<?xml version="1.0" encoding="UTF-8"?>
<testsuite name="Run On Chrome"
           tests="3"
           failures="0"
           errors="0"
           skipped="0"
           time="22.974">
  <properties />
  
  
            <testcase name="TC01_AddProductToCart" time="6.578" classname="com.nopcommerce.order.TC_01_Order" />
                <testcase name="TC02_EditProductInCart" time="11.027" classname="com.nopcommerce.order.TC_01_Order" />
                <testcase name="TC03_RemoveProductInCart" time="5.369" classname="com.nopcommerce.order.TC_01_Order" />
      
</testsuite>
